[35m[1mScanning dependencies of target std_msgs_generate_messages_cpp
[0m[  0%] Built target std_msgs_generate_messages_cpp
[35m[1mScanning dependencies of target sensor_msgs_generate_messages_lisp
[0m[  0%] Built target sensor_msgs_generate_messages_lisp
[35m[1mScanning dependencies of target roscpp_generate_messages_py
[0m[  0%] Built target roscpp_generate_messages_py
[35m[1mScanning dependencies of target rosgraph_msgs_generate_messages_cpp
[0m[  0%] Built target rosgraph_msgs_generate_messages_cpp
[35m[1mScanning dependencies of target roscpp_generate_messages_cpp
[0m[  0%] Built target roscpp_generate_messages_cpp
[35m[1mScanning dependencies of target geometry_msgs_generate_messages_py
[0m[  0%] Built target geometry_msgs_generate_messages_py
[35m[1mScanning dependencies of target std_msgs_generate_messages_lisp
[0m[  0%] Built target std_msgs_generate_messages_lisp
[35m[1mScanning dependencies of target shared_messages_generate_messages_py
[0m[  0%] Built target shared_messages_generate_messages_py
[35m[1mScanning dependencies of target geometry_msgs_generate_messages_cpp
[0m[  0%] Built target geometry_msgs_generate_messages_cpp
[35m[1mScanning dependencies of target rosgraph_msgs_generate_messages_lisp
[0m[  0%] Built target rosgraph_msgs_generate_messages_lisp
[35m[1mScanning dependencies of target shared_messages_generate_messages_cpp
[0m[  0%] Built target shared_messages_generate_messages_cpp
[35m[1mScanning dependencies of target roscpp_generate_messages_lisp
[0m[  0%] Built target roscpp_generate_messages_lisp
[35m[1mScanning dependencies of target sensor_msgs_generate_messages_cpp
[0m[  0%] Built target sensor_msgs_generate_messages_cpp
[35m[1mScanning dependencies of target shared_messages_generate_messages_lisp
[0m[  0%] Built target shared_messages_generate_messages_lisp
[35m[1mScanning dependencies of target sensor_msgs_generate_messages_py
[0m[  0%] Built target sensor_msgs_generate_messages_py
[35m[1mScanning dependencies of target std_msgs_generate_messages_py
[0m[  0%] Built target std_msgs_generate_messages_py
[35m[1mScanning dependencies of target geometry_msgs_generate_messages_lisp
[0m[  0%] Built target geometry_msgs_generate_messages_lisp
[35m[1mScanning dependencies of target rosgraph_msgs_generate_messages_py
[0m[  0%] Built target rosgraph_msgs_generate_messages_py
[35m[1mScanning dependencies of target mobility
[0m[ 10%] [32mBuilding CXX object CMakeFiles/mobility.dir/src/mobility.cpp.o
[0m[ 20%] [32mBuilding CXX object CMakeFiles/mobility.dir/src/PIDController.cpp.o
[0m[ 30%] [32mBuilding CXX object CMakeFiles/mobility.dir/src/PIDError.cpp.o
[0m[ 40%] [ 50%] [32mBuilding CXX object CMakeFiles/mobility.dir/src/RotationalError.cpp.o
[0m[32mBuilding CXX object CMakeFiles/mobility.dir/src/TranslationalError.cpp.o
[0m[ 60%] [32mBuilding CXX object CMakeFiles/mobility.dir/src/Saturation.cpp.o
[0m[ 70%] [32mBuilding CXX object CMakeFiles/mobility.dir/src/RotationalController.cpp.o
[0m[ 80%] [32mBuilding CXX object CMakeFiles/mobility.dir/src/TranslationalController.cpp.o
[0m[ 90%] [32mBuilding CXX object CMakeFiles/mobility.dir/src/SearchController.cpp.o
[0m[100%] [32mBuilding CXX object CMakeFiles/mobility.dir/src/TargetState.cpp.o
[0m[31m[1mLinking CXX executable /home/administrator/Swarmathon2016/devel/lib/mobility/mobility
[0m[100%] Built target mobility
