[  4%] [34m[1mGenerating ui_rover_gui_plugin.h
[0m[  8%] [34m[1mGenerating qrc_resources.cxx
[0m[ 13%] [34m[1mGenerating src/moc_rover_gui_plugin.cxx
[0m[ 17%] [34m[1mGenerating src/moc_CameraFrame.cxx
[0m[ 21%] [34m[1mGenerating src/moc_MapFrame.cxx
[0m[ 26%] [34m[1mGenerating src/moc_USFrame.cxx
[0m[ 30%] [34m[1mGenerating src/moc_GPSFrame.cxx
[0m[ 34%] [34m[1mGenerating src/moc_IMUFrame.cxx
[0m[35m[1mScanning dependencies of target rqt_rover_gui
[0m[ 43%] [ 43%] [32mBuilding CXX object CMakeFiles/rqt_rover_gui.dir/Version.cpp.o
[32mBuilding CXX object CMakeFiles/rqt_rover_gui.dir/src/GazeboSimManager.cpp.o
[0m[0m[ 47%] [32mBuilding CXX object CMakeFiles/rqt_rover_gui.dir/src/rover_gui_plugin.cpp.o
[0m[ 52%] [32mBuilding CXX object CMakeFiles/rqt_rover_gui.dir/src/CameraFrame.cpp.o
[0m[ 56%] [32mBuilding CXX object CMakeFiles/rqt_rover_gui.dir/src/MapFrame.cpp.o
[0m[ 60%] [32mBuilding CXX object CMakeFiles/rqt_rover_gui.dir/src/USFrame.cpp.o
[0m[ 65%] [32mBuilding CXX object CMakeFiles/rqt_rover_gui.dir/src/GPSFrame.cpp.o
[0m[ 69%] [32mBuilding CXX object CMakeFiles/rqt_rover_gui.dir/src/IMUFrame.cpp.o
[0m[ 73%] [32mBuilding CXX object CMakeFiles/rqt_rover_gui.dir/src/BWTabWidget.cpp.o
[0m[ 78%] [32mBuilding CXX object CMakeFiles/rqt_rover_gui.dir/src/moc_rover_gui_plugin.cxx.o
[0m[ 82%] [32mBuilding CXX object CMakeFiles/rqt_rover_gui.dir/src/moc_CameraFrame.cxx.o
[0m[ 86%] [32mBuilding CXX object CMakeFiles/rqt_rover_gui.dir/src/moc_MapFrame.cxx.o
[0m[ 91%] [32mBuilding CXX object CMakeFiles/rqt_rover_gui.dir/src/moc_USFrame.cxx.o
[0m[ 95%] [32mBuilding CXX object CMakeFiles/rqt_rover_gui.dir/src/moc_GPSFrame.cxx.o
[0m[100%] [32mBuilding CXX object CMakeFiles/rqt_rover_gui.dir/src/moc_IMUFrame.cxx.o
[0m[31m[1mLinking CXX shared library /home/administrator/Swarmathon2016/devel/lib/librqt_rover_gui.so
[0m[100%] Built target rqt_rover_gui
