[35m[1mScanning dependencies of target rosgraph_msgs_generate_messages_cpp
[35m[1mScanning dependencies of target camera
[35m[1mScanning dependencies of target shared_messages_generate_messages_cpp
[0m[0m[  0%] [  0%] Built target shared_messages_generate_messages_cpp
Built target rosgraph_msgs_generate_messages_cpp
[35m[1mScanning dependencies of target geometry_msgs_generate_messages_py
[35m[1mScanning dependencies of target roscpp_generate_messages_cpp
[0m[0m[  0%] [  0%] Built target roscpp_generate_messages_cpp
Built target geometry_msgs_generate_messages_py
[35m[1mScanning dependencies of target shared_messages_generate_messages_py
[35m[1mScanning dependencies of target roscpp_generate_messages_py
[0m[0m[  0%] [  0%] Built target roscpp_generate_messages_py
Built target shared_messages_generate_messages_py
[35m[1mScanning dependencies of target shared_messages_generate_messages_lisp
[35m[1mScanning dependencies of target std_msgs_generate_messages_py
[0m[0m[  0%] [  0%] Built target shared_messages_generate_messages_lisp
Built target std_msgs_generate_messages_py
[35m[1mScanning dependencies of target rosgraph_msgs_generate_messages_lisp
[35m[1mScanning dependencies of target std_msgs_generate_messages_lisp
[0m[0m[  0%] [  0%] Built target std_msgs_generate_messages_lisp
Built target rosgraph_msgs_generate_messages_lisp
[35m[1mScanning dependencies of target std_msgs_generate_messages_cpp
[35m[1mScanning dependencies of target rosgraph_msgs_generate_messages_py
[0m[0m[  0%] [  0%] Built target rosgraph_msgs_generate_messages_py
Built target std_msgs_generate_messages_cpp
[35m[1mScanning dependencies of target sensor_msgs_generate_messages_py
[35m[1mScanning dependencies of target sensor_msgs_generate_messages_cpp
[0m[0m[  0%] [  0%] Built target sensor_msgs_generate_messages_cpp
Built target sensor_msgs_generate_messages_py
[35m[1mScanning dependencies of target geometry_msgs_generate_messages_lisp
[35m[1mScanning dependencies of target geometry_msgs_generate_messages_cpp
[0m[0m[  0%] [  0%] Built target geometry_msgs_generate_messages_cpp
Built target geometry_msgs_generate_messages_lisp
[35m[1mScanning dependencies of target roscpp_generate_messages_lisp
[35m[1mScanning dependencies of target sensor_msgs_generate_messages_lisp
[0m[0m[  0%] [  0%] Built target roscpp_generate_messages_lisp
Built target sensor_msgs_generate_messages_lisp
[35m[1mScanning dependencies of target target
[0m[ 66%] [ 66%] [32mBuilding CXX object CMakeFiles/camera.dir/src/camera.cpp.o
[32mBuilding CXX object CMakeFiles/camera.dir/src/usbCamera.cpp.o
[0m[0m[0m[100%] [32mBuilding CXX object CMakeFiles/target.dir/src/target.cpp.o
[0m[31m[1mLinking CXX executable /home/administrator/Swarmathon2016/devel/lib/target_detection/camera
[0m[31m[1mLinking CXX executable /home/administrator/Swarmathon2016/devel/lib/target_detection/target
[0m[100%] Built target camera
[100%] Built target target
